D:\CHUNGLIANG\PROJECTS\DGM FOR IMM\COMMDLL\DEBUG\COMMDLL.PCH
D:\CHUNGLIANG\PROJECTS\DGM FOR IMM\COMMDLL\DEBUG\STDAFX.OBJ
D:\CHUNGLIANG\PROJECTS\DGM FOR IMM\COMMDLL\DEBUG\VC110.PDB
D:\CHUNGLIANG\PROJECTS\DGM FOR IMM\COMMDLL\DEBUG\COMMDLL.OBJ
D:\CHUNGLIANG\PROJECTS\DGM FOR IMM\COMMDLL\DEBUG\DLLMAIN.OBJ
D:\CHUNGLIANG\PROJECTS\DGM FOR IMM\COMMDLL\DEBUG\.NETFRAMEWORK,VERSION=V4.0.ASSEMBLYATTRIBUTES.OBJ
D:\ChungLiang\Projects\DGM for IMM\CommDll\Debug\CommDll.lib
D:\ChungLiang\Projects\DGM for IMM\CommDll\Debug\CommDll.exp
D:\CHUNGLIANG\PROJECTS\DGM FOR IMM\COMMDLL\DEBUG\COMMDLL.ILK
D:\CHUNGLIANG\PROJECTS\DGM FOR IMM\COMMDLL\DEBUG\COMMDLL.DLL
D:\CHUNGLIANG\PROJECTS\DGM FOR IMM\COMMDLL\DEBUG\COMMDLL.PDB
D:\ChungLiang\Projects\DGM for IMM\CommDll\Debug\.NETFramework,Version=v4.0.AssemblyAttributes.obj
D:\ChungLiang\Projects\DGM for IMM\CommDll\Debug\CommDll.obj
D:\ChungLiang\Projects\DGM for IMM\CommDll\Debug\dllmain.obj
D:\ChungLiang\Projects\DGM for IMM\CommDll\Debug\stdafx.obj
D:\ChungLiang\Projects\DGM for IMM\CommDll\Debug\CommDll.ilk
D:\ChungLiang\Projects\DGM for IMM\CommDll\Debug\cl.command.1.tlog
D:\ChungLiang\Projects\DGM for IMM\CommDll\Debug\CL.read.1.tlog
D:\ChungLiang\Projects\DGM for IMM\CommDll\Debug\CL.write.1.tlog
D:\ChungLiang\Projects\DGM for IMM\CommDll\Debug\CommDll.write.1.tlog
D:\ChungLiang\Projects\DGM for IMM\CommDll\Debug\link.31676-cvtres.read.1.tlog
D:\ChungLiang\Projects\DGM for IMM\CommDll\Debug\link.31676-cvtres.write.1.tlog
D:\ChungLiang\Projects\DGM for IMM\CommDll\Debug\link.31676-rc.read.1.tlog
D:\ChungLiang\Projects\DGM for IMM\CommDll\Debug\link.31676-rc.write.1.tlog
D:\ChungLiang\Projects\DGM for IMM\CommDll\Debug\link.31676.read.1.tlog
D:\ChungLiang\Projects\DGM for IMM\CommDll\Debug\link.31676.write.1.tlog
D:\ChungLiang\Projects\DGM for IMM\CommDll\Debug\link.command.1.tlog
D:\ChungLiang\Projects\DGM for IMM\CommDll\Debug\link.read.1.tlog
D:\ChungLiang\Projects\DGM for IMM\CommDll\Debug\link.write.1.tlog
D:\ChungLiang\Projects\DGM for IMM\CommDll\Debug\metagen.read.1.tlog
D:\ChungLiang\Projects\DGM for IMM\CommDll\Debug\metagen.write.1.tlog
D:\ChungLiang\Projects\DGM for IMM\CommDll\Debug\CommDll.pch
D:\ChungLiang\Projects\DGM for IMM\CommDll\Debug\CommDll.pdb
D:\ChungLiang\Projects\DGM for IMM\CommDll\Debug\vc110.pdb
D:\ChungLiang\Projects\DGM for IMM\CommDll\Debug\CommDll.dll.metagen
D:\ChungLiang\Projects\DGM for IMM\CommDll\Debug\RSAENH.DLL.bi
D:\ChungLiang\Projects\DGM for IMM\CommDll\Debug\TZRES.DLL.bi
D:\ChungLiang\Projects\DGM for IMM\CommDll\Debug\CommDll.dll
